<?xml version="1.0" encoding="UTF-8"?>
<robot generator="Robot 6.0.1 (Python 3.10.7 on win32)" generated="20230120 16:51:22.973" rpa="false" schemaversion="3">
<suite id="s1" name="Keyword Avec Arguments" source="C:\Users\Amine\Desktop\robotKeywordsProject\testCases\keyword_avec_arguments.robot">
<test id="s1-t1" name="login Test" line="13">
<kw name="Lancer le navigateur">
<var>${titre}</var>
<arg>${URL1}</arg>
<arg>${BROWSER1}</arg>
<kw name="Open Browser" library="SeleniumLibrary">
<arg>${URL_SITE}</arg>
<arg>${NAVIGATEUR}</arg>
<doc>Opens a new browser instance to the optional ``url``.</doc>
<msg timestamp="20230120 16:51:23.743" level="INFO">Opening browser 'chrome' to base url 'https://admin-demo.nopcommerce.com/'.</msg>
<status status="PASS" starttime="20230120 16:51:23.740" endtime="20230120 16:51:29.596"/>
</kw>
<kw name="Maximize Browser Window" library="SeleniumLibrary">
<doc>Maximizes current browser window.</doc>
<status status="PASS" starttime="20230120 16:51:29.597" endtime="20230120 16:51:29.876"/>
</kw>
<kw name="Get Title" library="SeleniumLibrary">
<var>${titre_page}</var>
<doc>Returns the title of the current page.</doc>
<msg timestamp="20230120 16:51:29.888" level="INFO">${titre_page} = Your store. Login</msg>
<status status="PASS" starttime="20230120 16:51:29.877" endtime="20230120 16:51:29.888"/>
</kw>
<return>
<value>${titre_page}</value>
<status status="PASS" starttime="20230120 16:51:29.888" endtime="20230120 16:51:29.888"/>
</return>
<msg timestamp="20230120 16:51:29.889" level="INFO">${titre} = Your store. Login</msg>
<status status="PASS" starttime="20230120 16:51:23.739" endtime="20230120 16:51:29.889"/>
</kw>
<kw name="Log To Console" library="BuiltIn">
<arg>${titre}</arg>
<doc>Logs the given message to the console.</doc>
<status status="PASS" starttime="20230120 16:51:29.891" endtime="20230120 16:51:29.893"/>
</kw>
<kw name="Clear Element Text" library="SeleniumLibrary">
<arg>id:Email</arg>
<doc>Clears the value of the text-input-element identified by ``locator``.</doc>
<status status="PASS" starttime="20230120 16:51:29.894" endtime="20230120 16:51:30.096"/>
</kw>
<kw name="Input Text" library="SeleniumLibrary">
<arg>id:Email</arg>
<arg>admin@yourstore.com</arg>
<doc>Types the given ``text`` into the text field identified by ``locator``.</doc>
<msg timestamp="20230120 16:51:30.100" level="INFO">Typing text 'admin@yourstore.com' into text field 'id:Email'.</msg>
<status status="PASS" starttime="20230120 16:51:30.098" endtime="20230120 16:51:30.431"/>
</kw>
<kw name="Input Password" library="SeleniumLibrary">
<arg>id:Password</arg>
<arg>admin</arg>
<doc>Types the given password into the text field identified by ``locator``.</doc>
<msg timestamp="20230120 16:51:30.433" level="INFO">Typing password into text field 'id:Password'.</msg>
<msg timestamp="20230120 16:51:30.637" level="INFO">Temporally setting log level to: NONE</msg>
<msg timestamp="20230120 16:51:30.804" level="INFO">Log level changed from NONE to INFO.</msg>
<status status="PASS" starttime="20230120 16:51:30.432" endtime="20230120 16:51:30.804"/>
</kw>
<kw name="Click Button" library="SeleniumLibrary">
<arg>xpath://button[@type="submit"]</arg>
<doc>Clicks the button identified by ``locator``.</doc>
<msg timestamp="20230120 16:51:30.806" level="INFO">Clicking button 'xpath://button[@type="submit"]'.</msg>
<status status="PASS" starttime="20230120 16:51:30.804" endtime="20230120 16:51:35.351"/>
</kw>
<kw name="Close Browser" library="SeleniumLibrary">
<doc>Closes the current browser.</doc>
<status status="PASS" starttime="20230120 16:51:35.351" endtime="20230120 16:51:38.215"/>
</kw>
<status status="PASS" starttime="20230120 16:51:23.734" endtime="20230120 16:51:38.216"/>
</test>
<status status="PASS" starttime="20230120 16:51:22.983" endtime="20230120 16:51:38.221"/>
</suite>
<statistics>
<total>
<stat pass="1" fail="0" skip="0">All Tests</stat>
</total>
<tag>
</tag>
<suite>
<stat pass="1" fail="0" skip="0" id="s1" name="Keyword Avec Arguments">Keyword Avec Arguments</stat>
</suite>
</statistics>
<errors>
</errors>
</robot>
